This file contains any messages produced by compilers while
running configure, to aid debugging if configure makes a mistake.

It was created by HomomorphicEncryption configure 0.1, which was
generated by GNU Autoconf 2.69.  Invocation command line was

  $ ./configure 

## --------- ##
## Platform. ##
## --------- ##

hostname = Ambers-MacBook-Air.local
uname -m = x86_64
uname -r = 16.5.0
uname -s = Darwin
uname -v = Darwin Kernel Version 16.5.0: Fri Mar  3 16:52:33 PST 2017; root:xnu-3789.51.2~3/RELEASE_X86_64

/usr/bin/uname -p = i386
/bin/uname -X     = unknown

/bin/arch              = unknown
/usr/bin/arch -k       = unknown
/usr/convex/getsysinfo = unknown
/usr/bin/hostinfo      = Mach kernel version:
	 Darwin Kernel Version 16.5.0: Fri Mar  3 16:52:33 PST 2017; root:xnu-3789.51.2~3/RELEASE_X86_64
Kernel configured for up to 4 processors.
2 processors are physically available.
4 processors are logically available.
Processor type: x86_64h (Intel x86-64h Haswell)
Processors active: 0 1 2 3
Primary memory available: 8.00 gigabytes
Default processor set: 371 tasks, 2838 threads, 4 processors
Load average: 2.48, Mach factor: 1.87
/bin/machine           = unknown
/usr/bin/oslevel       = unknown
/bin/universe          = unknown

PATH: /Users/amberedmundson/miniconda2/bin
PATH: /Users/amberedmundson/go//bin
PATH: /usr/local/bin
PATH: /usr/bin
PATH: /bin
PATH: /usr/sbin
PATH: /sbin
PATH: /opt/X11/bin
PATH: /Library/Frameworks/Mono.framework/Versions/Current/Commands
PATH: /Applications/apache-maven-3.3.1/bin


## ----------- ##
## Core tests. ##
## ----------- ##

configure:2223: checking for gcc
configure:2250: result: /usr/bin/clang
configure:2479: checking for C compiler version
configure:2488: /usr/bin/clang --version >&5
Apple LLVM version 8.0.0 (clang-800.0.42.1)
Target: x86_64-apple-darwin16.5.0
Thread model: posix
InstalledDir: /Library/Developer/CommandLineTools/usr/bin
configure:2499: $? = 0
configure:2488: /usr/bin/clang -v >&5
Apple LLVM version 8.0.0 (clang-800.0.42.1)
Target: x86_64-apple-darwin16.5.0
Thread model: posix
InstalledDir: /Library/Developer/CommandLineTools/usr/bin
configure:2499: $? = 0
configure:2488: /usr/bin/clang -V >&5
clang: error: argument to '-V' is missing (expected 1 value)
clang: error: no input files
configure:2499: $? = 1
configure:2488: /usr/bin/clang -qversion >&5
clang: error: unknown argument: '-qversion'
clang: error: no input files
configure:2499: $? = 1
configure:2519: checking whether the C compiler works
configure:2541: /usr/bin/clang    conftest.c  >&5
configure:2545: $? = 0
configure:2593: result: yes
configure:2596: checking for C compiler default output file name
configure:2598: result: a.out
configure:2604: checking for suffix of executables
configure:2611: /usr/bin/clang -o conftest    conftest.c  >&5
configure:2615: $? = 0
configure:2637: result: 
configure:2659: checking whether we are cross compiling
configure:2667: /usr/bin/clang -o conftest    conftest.c  >&5
configure:2671: $? = 0
configure:2678: ./conftest
configure:2682: $? = 0
configure:2697: result: no
configure:2702: checking for suffix of object files
configure:2724: /usr/bin/clang -c   conftest.c >&5
configure:2728: $? = 0
configure:2749: result: o
configure:2753: checking whether we are using the GNU C compiler
configure:2772: /usr/bin/clang -c   conftest.c >&5
configure:2772: $? = 0
configure:2781: result: yes
configure:2790: checking whether /usr/bin/clang accepts -g
configure:2810: /usr/bin/clang -c -g  conftest.c >&5
configure:2810: $? = 0
configure:2851: result: yes
configure:2868: checking for /usr/bin/clang option to accept ISO C89
configure:2931: /usr/bin/clang  -c -g -O2  conftest.c >&5
configure:2931: $? = 0
configure:2944: result: none needed
configure:2967: checking for malloc_stats
configure:2967: /usr/bin/clang -o conftest -g -O2   conftest.c  >&5
Undefined symbols for architecture x86_64:
  "_malloc_stats", referenced from:
      _main in conftest-ebccd5.o
ld: symbol(s) not found for architecture x86_64
clang: error: linker command failed with exit code 1 (use -v to see invocation)
configure:2967: $? = 1
configure: failed program was:
| /* confdefs.h */
| #define PACKAGE_NAME "HomomorphicEncryption"
| #define PACKAGE_TARNAME "homomorphicencryption"
| #define PACKAGE_VERSION "0.1"
| #define PACKAGE_STRING "HomomorphicEncryption 0.1"
| #define PACKAGE_BUGREPORT ""
| #define PACKAGE_URL ""
| /* end confdefs.h.  */
| /* Define malloc_stats to an innocuous variant, in case <limits.h> declares malloc_stats.
|    For example, HP-UX 11i <limits.h> declares gettimeofday.  */
| #define malloc_stats innocuous_malloc_stats
| 
| /* System header to define __stub macros and hopefully few prototypes,
|     which can conflict with char malloc_stats (); below.
|     Prefer <limits.h> to <assert.h> if __STDC__ is defined, since
|     <limits.h> exists even on freestanding compilers.  */
| 
| #ifdef __STDC__
| # include <limits.h>
| #else
| # include <assert.h>
| #endif
| 
| #undef malloc_stats
| 
| /* Override any GCC internal prototype to avoid an error.
|    Use char because int might match the return type of a GCC
|    builtin and then its argument prototype would still apply.  */
| #ifdef __cplusplus
| extern "C"
| #endif
| char malloc_stats ();
| /* The GNU C library defines this for functions which it implements
|     to always fail with ENOSYS.  Some functions are actually named
|     something starting with __ and the normal name is an alias.  */
| #if defined __stub_malloc_stats || defined __stub___malloc_stats
| choke me
| #endif
| 
| int
| main ()
| {
| return malloc_stats ();
|   ;
|   return 0;
| }
configure:2967: result: no
configure:2981: checking how to run the C preprocessor
configure:3012: /usr/bin/clang -E  conftest.c
configure:3012: $? = 0
configure:3026: /usr/bin/clang -E  conftest.c
conftest.c:9:10: fatal error: 'ac_nonexistent.h' file not found
#include <ac_nonexistent.h>
         ^
1 error generated.
configure:3026: $? = 1
configure: failed program was:
| /* confdefs.h */
| #define PACKAGE_NAME "HomomorphicEncryption"
| #define PACKAGE_TARNAME "homomorphicencryption"
| #define PACKAGE_VERSION "0.1"
| #define PACKAGE_STRING "HomomorphicEncryption 0.1"
| #define PACKAGE_BUGREPORT ""
| #define PACKAGE_URL ""
| /* end confdefs.h.  */
| #include <ac_nonexistent.h>
configure:3051: result: /usr/bin/clang -E
configure:3071: /usr/bin/clang -E  conftest.c
configure:3071: $? = 0
configure:3085: /usr/bin/clang -E  conftest.c
conftest.c:9:10: fatal error: 'ac_nonexistent.h' file not found
#include <ac_nonexistent.h>
         ^
1 error generated.
configure:3085: $? = 1
configure: failed program was:
| /* confdefs.h */
| #define PACKAGE_NAME "HomomorphicEncryption"
| #define PACKAGE_TARNAME "homomorphicencryption"
| #define PACKAGE_VERSION "0.1"
| #define PACKAGE_STRING "HomomorphicEncryption 0.1"
| #define PACKAGE_BUGREPORT ""
| #define PACKAGE_URL ""
| /* end confdefs.h.  */
| #include <ac_nonexistent.h>
configure:3114: checking for grep that handles long lines and -e
configure:3172: result: /usr/bin/grep
configure:3177: checking for egrep
configure:3239: result: /usr/bin/grep -E
configure:3244: checking for ANSI C header files
configure:3264: /usr/bin/clang -c -g -O2  conftest.c >&5
configure:3264: $? = 0
configure:3337: /usr/bin/clang -o conftest -g -O2   conftest.c  >&5
configure:3337: $? = 0
configure:3337: ./conftest
configure:3337: $? = 0
configure:3348: result: yes
configure:3361: checking for sys/types.h
configure:3361: /usr/bin/clang -c -g -O2  conftest.c >&5
configure:3361: $? = 0
configure:3361: result: yes
configure:3361: checking for sys/stat.h
configure:3361: /usr/bin/clang -c -g -O2  conftest.c >&5
configure:3361: $? = 0
configure:3361: result: yes
configure:3361: checking for stdlib.h
configure:3361: /usr/bin/clang -c -g -O2  conftest.c >&5
configure:3361: $? = 0
configure:3361: result: yes
configure:3361: checking for string.h
configure:3361: /usr/bin/clang -c -g -O2  conftest.c >&5
configure:3361: $? = 0
configure:3361: result: yes
configure:3361: checking for memory.h
configure:3361: /usr/bin/clang -c -g -O2  conftest.c >&5
configure:3361: $? = 0
configure:3361: result: yes
configure:3361: checking for strings.h
configure:3361: /usr/bin/clang -c -g -O2  conftest.c >&5
configure:3361: $? = 0
configure:3361: result: yes
configure:3361: checking for inttypes.h
configure:3361: /usr/bin/clang -c -g -O2  conftest.c >&5
configure:3361: $? = 0
configure:3361: result: yes
configure:3361: checking for stdint.h
configure:3361: /usr/bin/clang -c -g -O2  conftest.c >&5
configure:3361: $? = 0
configure:3361: result: yes
configure:3361: checking for unistd.h
configure:3361: /usr/bin/clang -c -g -O2  conftest.c >&5
configure:3361: $? = 0
configure:3361: result: yes
configure:3375: checking malloc.h usability
configure:3375: /usr/bin/clang -c -g -O2  conftest.c >&5
conftest.c:52:10: fatal error: 'malloc.h' file not found
#include <malloc.h>
         ^
1 error generated.
configure:3375: $? = 1
configure: failed program was:
| /* confdefs.h */
| #define PACKAGE_NAME "HomomorphicEncryption"
| #define PACKAGE_TARNAME "homomorphicencryption"
| #define PACKAGE_VERSION "0.1"
| #define PACKAGE_STRING "HomomorphicEncryption 0.1"
| #define PACKAGE_BUGREPORT ""
| #define PACKAGE_URL ""
| #define STDC_HEADERS 1
| #define HAVE_SYS_TYPES_H 1
| #define HAVE_SYS_STAT_H 1
| #define HAVE_STDLIB_H 1
| #define HAVE_STRING_H 1
| #define HAVE_MEMORY_H 1
| #define HAVE_STRINGS_H 1
| #define HAVE_INTTYPES_H 1
| #define HAVE_STDINT_H 1
| #define HAVE_UNISTD_H 1
| /* end confdefs.h.  */
| #include <stdio.h>
| #ifdef HAVE_SYS_TYPES_H
| # include <sys/types.h>
| #endif
| #ifdef HAVE_SYS_STAT_H
| # include <sys/stat.h>
| #endif
| #ifdef STDC_HEADERS
| # include <stdlib.h>
| # include <stddef.h>
| #else
| # ifdef HAVE_STDLIB_H
| #  include <stdlib.h>
| # endif
| #endif
| #ifdef HAVE_STRING_H
| # if !defined STDC_HEADERS && defined HAVE_MEMORY_H
| #  include <memory.h>
| # endif
| # include <string.h>
| #endif
| #ifdef HAVE_STRINGS_H
| # include <strings.h>
| #endif
| #ifdef HAVE_INTTYPES_H
| # include <inttypes.h>
| #endif
| #ifdef HAVE_STDINT_H
| # include <stdint.h>
| #endif
| #ifdef HAVE_UNISTD_H
| # include <unistd.h>
| #endif
| #include <malloc.h>
configure:3375: result: no
configure:3375: checking malloc.h presence
configure:3375: /usr/bin/clang -E  conftest.c
conftest.c:19:10: fatal error: 'malloc.h' file not found
#include <malloc.h>
         ^
1 error generated.
configure:3375: $? = 1
configure: failed program was:
| /* confdefs.h */
| #define PACKAGE_NAME "HomomorphicEncryption"
| #define PACKAGE_TARNAME "homomorphicencryption"
| #define PACKAGE_VERSION "0.1"
| #define PACKAGE_STRING "HomomorphicEncryption 0.1"
| #define PACKAGE_BUGREPORT ""
| #define PACKAGE_URL ""
| #define STDC_HEADERS 1
| #define HAVE_SYS_TYPES_H 1
| #define HAVE_SYS_STAT_H 1
| #define HAVE_STDLIB_H 1
| #define HAVE_STRING_H 1
| #define HAVE_MEMORY_H 1
| #define HAVE_STRINGS_H 1
| #define HAVE_INTTYPES_H 1
| #define HAVE_STDINT_H 1
| #define HAVE_UNISTD_H 1
| /* end confdefs.h.  */
| #include <malloc.h>
configure:3375: result: no
configure:3375: checking for malloc.h
configure:3375: result: no
configure:3508: creating ./config.status

## ---------------------- ##
## Running config.status. ##
## ---------------------- ##

This file was extended by HomomorphicEncryption config.status 0.1, which was
generated by GNU Autoconf 2.69.  Invocation command line was

  CONFIG_FILES    = 
  CONFIG_HEADERS  = 
  CONFIG_LINKS    = 
  CONFIG_COMMANDS = 
  $ ./config.status 

on Ambers-MacBook-Air.local

config.status:801: creating src/Makevars
config.status:801: creating config.h
config.status:971: config.h is unchanged

## ---------------- ##
## Cache variables. ##
## ---------------- ##

ac_cv_c_compiler_gnu=yes
ac_cv_env_CC_set=set
ac_cv_env_CC_value=/usr/bin/clang
ac_cv_env_CFLAGS_set=
ac_cv_env_CFLAGS_value=
ac_cv_env_CPPFLAGS_set=
ac_cv_env_CPPFLAGS_value=
ac_cv_env_CPP_set=
ac_cv_env_CPP_value=
ac_cv_env_LDFLAGS_set=
ac_cv_env_LDFLAGS_value=
ac_cv_env_LIBS_set=
ac_cv_env_LIBS_value=
ac_cv_env_build_alias_set=
ac_cv_env_build_alias_value=
ac_cv_env_host_alias_set=
ac_cv_env_host_alias_value=
ac_cv_env_target_alias_set=
ac_cv_env_target_alias_value=
ac_cv_func_malloc_stats=no
ac_cv_header_inttypes_h=yes
ac_cv_header_malloc_h=no
ac_cv_header_memory_h=yes
ac_cv_header_stdc=yes
ac_cv_header_stdint_h=yes
ac_cv_header_stdlib_h=yes
ac_cv_header_string_h=yes
ac_cv_header_strings_h=yes
ac_cv_header_sys_stat_h=yes
ac_cv_header_sys_types_h=yes
ac_cv_header_unistd_h=yes
ac_cv_objext=o
ac_cv_path_EGREP='/usr/bin/grep -E'
ac_cv_path_GREP=/usr/bin/grep
ac_cv_prog_CPP='/usr/bin/clang -E'
ac_cv_prog_ac_ct_CC=/usr/bin/clang
ac_cv_prog_cc_c89=
ac_cv_prog_cc_g=yes

## ----------------- ##
## Output variables. ##
## ----------------- ##

CC='/usr/bin/clang'
CFLAGS='-g -O2'
CPP='/usr/bin/clang -E'
CPPFLAGS=''
DEFS='-DHAVE_CONFIG_H'
ECHO_C='\c'
ECHO_N=''
ECHO_T=''
EGREP='/usr/bin/grep -E'
EXEEXT=''
FLINT_HOME='/usr/local'
GMP_HOME='/usr/local'
GREP='/usr/bin/grep'
LDFLAGS=''
LIBDIR='lib'
LIBOBJS=''
LIBS=''
LTLIBOBJS=''
MPFR_HOME='/usr/local'
OBJEXT='o'
PACKAGE_BUGREPORT=''
PACKAGE_NAME='HomomorphicEncryption'
PACKAGE_STRING='HomomorphicEncryption 0.1'
PACKAGE_TARNAME='homomorphicencryption'
PACKAGE_URL=''
PACKAGE_VERSION='0.1'
PATH_SEPARATOR=':'
SHELL='/bin/sh'
ac_ct_CC='/usr/bin/clang'
bindir='${exec_prefix}/bin'
build_alias=''
datadir='${datarootdir}'
datarootdir='${prefix}/share'
docdir='${datarootdir}/doc/${PACKAGE_TARNAME}'
dvidir='${docdir}'
exec_prefix='${prefix}'
host_alias=''
htmldir='${docdir}'
includedir='${prefix}/include'
infodir='${datarootdir}/info'
libdir='${exec_prefix}/lib'
libexecdir='${exec_prefix}/libexec'
localedir='${datarootdir}/locale'
localstatedir='${prefix}/var'
mandir='${datarootdir}/man'
oldincludedir='/usr/include'
pdfdir='${docdir}'
prefix='/usr/local'
program_transform_name='s,x,x,'
psdir='${docdir}'
sbindir='${exec_prefix}/sbin'
sharedstatedir='${prefix}/com'
sysconfdir='${prefix}/etc'
target_alias=''

## ----------- ##
## confdefs.h. ##
## ----------- ##

/* confdefs.h */
#define PACKAGE_NAME "HomomorphicEncryption"
#define PACKAGE_TARNAME "homomorphicencryption"
#define PACKAGE_VERSION "0.1"
#define PACKAGE_STRING "HomomorphicEncryption 0.1"
#define PACKAGE_BUGREPORT ""
#define PACKAGE_URL ""
#define STDC_HEADERS 1
#define HAVE_SYS_TYPES_H 1
#define HAVE_SYS_STAT_H 1
#define HAVE_STDLIB_H 1
#define HAVE_STRING_H 1
#define HAVE_MEMORY_H 1
#define HAVE_STRINGS_H 1
#define HAVE_INTTYPES_H 1
#define HAVE_STDINT_H 1
#define HAVE_UNISTD_H 1

configure: exit 0
